Performing C SOURCE FILE Test CMAKE_HAVE_LIBC_PTHREAD failed with the following output:
Change Dir: /home/aaron/Desktop/ros/simulation_ws/build/CMakeFiles/CMakeTmp

Run Build Command(s):/usr/bin/make cmTC_5b756/fast && /usr/bin/make -f CMakeFiles/cmTC_5b756.dir/build.make CMakeFiles/cmTC_5b756.dir/build
make[1]: Entering directory '/home/aaron/Desktop/ros/simulation_ws/build/CMakeFiles/CMakeTmp'
Building C object CMakeFiles/cmTC_5b756.dir/src.c.o
/usr/bin/cc   -DCMAKE_HAVE_LIBC_PTHREAD   -o CMakeFiles/cmTC_5b756.dir/src.c.o   -c /home/aaron/Desktop/ros/simulation_ws/build/CMakeFiles/CMakeTmp/src.c
Linking C executable cmTC_5b756
/usr/local/bin/cmake -E cmake_link_script CMakeFiles/cmTC_5b756.dir/link.txt --verbose=1
/usr/bin/cc  -DCMAKE_HAVE_LIBC_PTHREAD    -rdynamic CMakeFiles/cmTC_5b756.dir/src.c.o  -o cmTC_5b756 
CMakeFiles/cmTC_5b756.dir/src.c.o: In function `main':
src.c:(.text+0x3c): undefined reference to `pthread_create'
src.c:(.text+0x48): undefined reference to `pthread_detach'
src.c:(.text+0x54): undefined reference to `pthread_cancel'
src.c:(.text+0x65): undefined reference to `pthread_join'
src.c:(.text+0x79): undefined reference to `pthread_atfork'
collect2: error: ld returned 1 exit status
CMakeFiles/cmTC_5b756.dir/build.make:103: recipe for target 'cmTC_5b756' failed
make[1]: *** [cmTC_5b756] Error 1
make[1]: Leaving directory '/home/aaron/Desktop/ros/simulation_ws/build/CMakeFiles/CMakeTmp'
Makefile:138: recipe for target 'cmTC_5b756/fast' failed
make: *** [cmTC_5b756/fast] Error 2


Source file was:
#include <pthread.h>

void* test_func(void* data)
{
  return data;
}

int main(void)
{
  pthread_t thread;
  pthread_create(&thread, NULL, test_func, NULL);
  pthread_detach(thread);
  pthread_cancel(thread);
  pthread_join(thread, NULL);
  pthread_atfork(NULL, NULL, NULL);
  pthread_exit(NULL);

  return 0;
}

Determining if the function pthread_create exists in the pthreads failed with the following output:
Change Dir: /home/aaron/Desktop/ros/simulation_ws/build/CMakeFiles/CMakeTmp

Run Build Command(s):/usr/bin/make cmTC_672ad/fast && /usr/bin/make -f CMakeFiles/cmTC_672ad.dir/build.make CMakeFiles/cmTC_672ad.dir/build
make[1]: Entering directory '/home/aaron/Desktop/ros/simulation_ws/build/CMakeFiles/CMakeTmp'
Building C object CMakeFiles/cmTC_672ad.dir/CheckFunctionExists.c.o
/usr/bin/cc   -DCHECK_FUNCTION_EXISTS=pthread_create   -o CMakeFiles/cmTC_672ad.dir/CheckFunctionExists.c.o   -c /usr/local/share/cmake-3.17/Modules/CheckFunctionExists.c
Linking C executable cmTC_672ad
/usr/local/bin/cmake -E cmake_link_script CMakeFiles/cmTC_672ad.dir/link.txt --verbose=1
/usr/bin/cc  -DCHECK_FUNCTION_EXISTS=pthread_create    -rdynamic CMakeFiles/cmTC_672ad.dir/CheckFunctionExists.c.o  -o cmTC_672ad  -lpthreads 
/usr/bin/ld: cannot find -lpthreads
collect2: error: ld returned 1 exit status
CMakeFiles/cmTC_672ad.dir/build.make:103: recipe for target 'cmTC_672ad' failed
make[1]: *** [cmTC_672ad] Error 1
make[1]: Leaving directory '/home/aaron/Desktop/ros/simulation_ws/build/CMakeFiles/CMakeTmp'
Makefile:138: recipe for target 'cmTC_672ad/fast' failed
make: *** [cmTC_672ad/fast] Error 2



